<?xml version="1.0" encoding="UTF-8"?>
<testng-results ignored="0" total="1" passed="1" failed="0" skipped="0">
  <reporter-output>
  </reporter-output>
  <suite started-at="2023-11-28T12:13:39 IST" name="Default suite" finished-at="2023-11-28T12:13:40 IST" duration-ms="203">
    <groups>
    </groups>
    <test started-at="2023-11-28T12:13:39 IST" name="Default test" finished-at="2023-11-28T12:13:40 IST" duration-ms="203">
      <class name="Selenium1.TestNg1">
        <test-method signature="atif()[pri:0, instance:Selenium1.TestNg1@1c7696c6]" started-at="2023-11-28T12:13:39 IST" name="atif" finished-at="2023-11-28T12:13:40 IST" duration-ms="29" status="PASS">
          <reporter-output>
          </reporter-output>
        </test-method> <!-- atif -->
      </class> <!-- Selenium1.TestNg1 -->
    </test> <!-- Default test -->
  </suite> <!-- Default suite -->
</testng-results>
